TN:
SF:script/DSCEngine/DSCEngine.s.sol
DA:17,26
FN:17,DeployDSCEngine.run
FNDA:26,DeployDSCEngine.run
DA:19,26
DA:20,26
DA:21,26
DA:24,26
DA:25,26
DA:27,26
DA:28,26
DA:29,26
DA:31,26
DA:32,26
DA:33,26
DA:36,26
DA:37,26
DA:39,26
DA:40,26
DA:42,26
DA:43,26
DA:44,26
FNF:1
FNH:1
LF:19
LH:19
BRF:0
BRH:0
end_of_record
TN:
SF:script/DescentralizedStablecoin/DescentralizedStablecoin.s.sol
DA:11,26
FN:11,DeployDescentralizedStablecoin.constructor
FNDA:26,DeployDescentralizedStablecoin.constructor
DA:13,26
DA:16,26
FN:16,DeployDescentralizedStablecoin.run
FNDA:26,DeployDescentralizedStablecoin.run
DA:17,26
DA:18,26
DA:19,26
DA:20,26
FNF:2
FNH:2
LF:7
LH:7
BRF:0
BRH:0
end_of_record
TN:
SF:script/HelperConfig.s.sol
DA:25,26
FN:25,HelperConfig.constructor
FNDA:26,HelperConfig.constructor
DA:26,26
BRDA:26,0,0,-
BRDA:26,0,1,-
DA:28,0
DA:29,26
BRDA:29,1,0,26
BRDA:29,1,1,-
DA:31,26
DA:33,0
DA:37,0
FN:37,HelperConfig.getSepoliaEthConfig
FNDA:0,HelperConfig.getSepoliaEthConfig
DA:38,0
DA:47,26
FN:47,HelperConfig.getOrCreateAnvilEthConfig
FNDA:26,HelperConfig.getOrCreateAnvilEthConfig
DA:48,26
BRDA:48,2,0,-
DA:49,0
DA:52,26
DA:54,26
DA:55,26
DA:57,26
DA:58,26
DA:59,26
DA:61,26
FNF:3
FNH:2
LF:18
LH:13
BRF:5
BRH:1
end_of_record
TN:
SF:src/DSCEngine.sol
DA:84,2
FN:84,DSCEngine.moreThanZero
FNDA:2,DSCEngine.moreThanZero
DA:85,2
BRDA:85,0,0,1
DA:86,1
DA:91,20
FN:91,DSCEngine.isAllowedTokenAddress
FNDA:20,DSCEngine.isAllowedTokenAddress
DA:92,20
BRDA:92,1,0,1
DA:93,1
DA:101,28
FN:101,DSCEngine.constructor
FNDA:28,DSCEngine.constructor
DA:103,28
BRDA:103,2,0,1
DA:104,1
DA:108,27
DA:109,53
BRDA:109,3,0,1
DA:110,1
DA:112,52
DA:113,52
DA:114,52
DA:117,26
DA:128,6
FN:128,DSCEngine.depositCollateralAndMintDsc
FNDA:6,DSCEngine.depositCollateralAndMintDsc
DA:129,6
DA:130,6
DA:131,6
DA:140,15
FN:140,DSCEngine.depositCollateral
FNDA:15,DSCEngine.depositCollateral
DA:146,19
DA:147,19
DA:150,19
DA:160,1
FN:160,DSCEngine.redeemCollateralForDsc
FNDA:1,DSCEngine.redeemCollateralForDsc
DA:162,1
DA:163,1
DA:172,6
FN:172,DSCEngine.redeemCollateral
FNDA:6,DSCEngine.redeemCollateral
DA:178,6
DA:179,4
DA:190,5
FN:190,DSCEngine.mintDsc
FNDA:5,DSCEngine.mintDsc
DA:192,9
DA:195,9
BRDA:195,4,0,1
DA:196,1
DA:199,8
DA:202,8
DA:211,2
FN:211,DSCEngine.burnDsc
FNDA:2,DSCEngine.burnDsc
DA:212,3
DA:222,5
FN:222,DSCEngine.getMaxDscToMint
FNDA:5,DSCEngine.getMaxDscToMint
DA:224,20
DA:229,20
DA:242,2
FN:242,DSCEngine.liquidate
FNDA:2,DSCEngine.liquidate
DA:248,1
DA:249,1
BRDA:249,5,0,1
DA:250,1
DA:258,0
DA:260,0
DA:263,0
DA:265,0
DA:271,0
DA:273,0
DA:275,0
BRDA:275,6,0,-
DA:276,0
DA:280,0
DA:289,4
FN:289,DSCEngine._revertIfHealthFactorIsBroken
FNDA:4,DSCEngine._revertIfHealthFactorIsBroken
DA:290,4
DA:293,4
BRDA:293,7,0,1
DA:294,1
DA:305,6
FN:305,DSCEngine._healthFactor
FNDA:6,DSCEngine._healthFactor
DA:306,6
DA:309,6
BRDA:309,8,0,3
DA:310,3
DA:314,3
DA:324,3
DA:329,9
FN:329,DSCEngine._simulateHealthFactor
FNDA:9,DSCEngine._simulateHealthFactor
DA:330,9
DA:333,9
DA:344,6
FN:344,DSCEngine._redeemCollateral
FNDA:6,DSCEngine._redeemCollateral
DA:346,6
DA:348,6
BRDA:348,9,0,2
DA:349,2
DA:353,4
DA:354,4
DA:357,4
DA:360,3
FN:360,DSCEngine._burnDSC
FNDA:3,DSCEngine._burnDSC
DA:362,3
DA:365,3
DA:368,3
DA:377,8
FN:377,DSCEngine._getTotalDscMintedAndCollateralValueOfUser
FNDA:8,DSCEngine._getTotalDscMintedAndCollateralValueOfUser
DA:382,8
DA:383,8
DA:387,28
FN:387,DSCEngine._getCollateralValueInUsd
FNDA:28,DSCEngine._getCollateralValueInUsd
DA:389,28
DA:390,56
DA:391,56
DA:392,56
BRDA:392,10,0,24
DA:394,24
DA:405,1
FN:405,DSCEngine.getUsdValue
FNDA:1,DSCEngine.getUsdValue
DA:406,25
DA:407,25
DA:411,25
BRDA:411,11,0,-
DA:412,0
DA:415,25
DA:425,2
FN:425,DSCEngine.getTokenAmountFromUsd
FNDA:2,DSCEngine.getTokenAmountFromUsd
DA:429,2
DA:430,2
DA:434,2
DA:447,1
FN:447,DSCEngine.getHealthFactor
FNDA:1,DSCEngine.getHealthFactor
DA:448,1
DA:456,1
FN:456,DSCEngine.getAllowedTokenAddress
FNDA:1,DSCEngine.getAllowedTokenAddress
DA:457,1
DA:466,2
FN:466,DSCEngine.getAccountInformation
FNDA:2,DSCEngine.getAccountInformation
DA:467,2
FNF:23
FNH:23
LF:103
LH:93
BRF:12
BRH:10
end_of_record
TN:
SF:src/DescentralizedStablecoin.sol
DA:36,13
FN:36,DescentralizedStablecoin.mint
FNDA:13,DescentralizedStablecoin.mint
DA:37,13
BRDA:37,0,0,2
DA:38,2
DA:41,11
DA:42,11
DA:45,6
FN:45,DescentralizedStablecoin.burn
FNDA:6,DescentralizedStablecoin.burn
DA:46,6
DA:48,6
BRDA:48,1,0,2
DA:49,2
DA:52,4
DA:53,4
FNF:2
FNH:2
LF:11
LH:11
BRF:2
BRH:2
end_of_record
TN:
SF:test/BaseTest.t.sol
DA:35,26
FN:35,BaseTest.setUp
FNDA:26,BaseTest.setUp
DA:37,26
DA:38,26
DA:39,26
DA:46,1
FN:46,BaseTest.mintAndApproveERC20
FNDA:1,BaseTest.mintAndApproveERC20
DA:47,1
DA:49,1
DA:51,1
DA:52,1
DA:57,1
FN:57,BaseTest.depositCollateral
FNDA:1,BaseTest.depositCollateral
DA:58,1
DA:59,1
DA:60,1
FNF:3
FNH:3
LF:13
LH:13
BRF:0
BRH:0
end_of_record
TN:
SF:test/Mocks/ERC20Mock.sol
DA:8,53
FN:8,ERC20Mock.constructor
FNDA:53,ERC20Mock.constructor
DA:9,53
DA:12,20
FN:12,ERC20Mock.mint
FNDA:20,ERC20Mock.mint
DA:13,20
DA:16,0
FN:16,ERC20Mock.burn
FNDA:0,ERC20Mock.burn
DA:17,0
FNF:3
FNH:2
LF:6
LH:4
BRF:0
BRH:0
end_of_record
TN:
SF:test/Mocks/MockV3Aggregator.sol
DA:24,52
FN:24,MockV3Aggregator.constructor
FNDA:52,MockV3Aggregator.constructor
DA:25,52
DA:26,52
DA:29,52
FN:29,MockV3Aggregator.updateAnswer
FNDA:52,MockV3Aggregator.updateAnswer
DA:30,52
DA:31,52
DA:32,52
DA:33,52
DA:34,52
DA:35,52
DA:38,0
FN:38,MockV3Aggregator.updateRoundData
FNDA:0,MockV3Aggregator.updateRoundData
DA:39,0
DA:40,0
DA:41,0
DA:42,0
DA:43,0
DA:44,0
DA:47,0
FN:47,MockV3Aggregator.getRoundData
FNDA:0,MockV3Aggregator.getRoundData
DA:52,0
DA:55,27
FN:55,MockV3Aggregator.latestRoundData
FNDA:27,MockV3Aggregator.latestRoundData
DA:60,27
DA:63,0
FN:63,MockV3Aggregator.description
FNDA:0,MockV3Aggregator.description
DA:64,0
FNF:6
FNH:3
LF:23
LH:12
BRF:0
BRH:0
end_of_record
